<?xml version="1.0" encoding="UTF-8"?>
<testng-results total="2" passed="1" failed="1" skipped="0">
  <reporter-output>
  </reporter-output>
  <suite started-at="2023-01-06T13:16:25Z" name="Suite" finished-at="2023-01-06T13:16:35Z" duration-ms="10168">
    <groups>
    </groups>
    <test started-at="2023-01-06T13:16:25Z" name="Test" finished-at="2023-01-06T13:16:35Z" duration-ms="10168">
      <class name="Onboarded.Automation.BetaClientsLogin">
        <test-method is-config="true" signature="main()[pri:0, instance:Onboarded.Automation.BetaClientsLogin@77d67cf3]" started-at="2023-01-06T18:44:55Z" name="main" finished-at="2023-01-06T18:46:25Z" duration-ms="89427" status="PASS">
          <reporter-output>
          </reporter-output>
        </test-method> <!-- main -->
        <test-method signature="CreateClients()[pri:0, instance:Onboarded.Automation.BetaClientsLogin@77d67cf3]" started-at="2023-01-06T18:46:25Z" name="CreateClients" finished-at="2023-01-06T18:46:25Z" duration-ms="3" status="PASS">
          <reporter-output>
          </reporter-output>
        </test-method> <!-- CreateClients -->
        <test-method signature="Login()[pri:0, instance:Onboarded.Automation.BetaClientsLogin@77d67cf3]" started-at="2023-01-06T18:46:25Z" name="Login" finished-at="2023-01-06T18:46:35Z" duration-ms="10140" status="FAIL">
          <exception class="org.openqa.selenium.TimeoutException">
            <message>
              <![CDATA[Expected condition failed: waiting for visibility of element located by By.xpath: //img[@alt='microsoft'] (tried for 10 second(s) with 2000 milliseconds interval)
Build info: version: '4.4.0', revision: 'e5c75ed026a'
System info: host: 'PC0765', ip: '192.168.101.207', os.name: 'Windows 11', os.arch: 'amd64', os.version: '10.0', java.version: '17.0.4.1'
Driver info: driver.version: unknown]]>
            </message>
            <full-stacktrace>
              <![CDATA[org.openqa.selenium.TimeoutException: Expected condition failed: waiting for visibility of element located by By.xpath: //img[@alt='microsoft'] (tried for 10 second(s) with 2000 milliseconds interval)
Build info: version: '4.4.0', revision: 'e5c75ed026a'
System info: host: 'PC0765', ip: '192.168.101.207', os.name: 'Windows 11', os.arch: 'amd64', os.version: '10.0', java.version: '17.0.4.1'
Driver info: driver.version: unknown
	at org.openqa.selenium.support.ui.FluentWait.timeoutException(FluentWait.java:263)
	at org.openqa.selenium.support.ui.FluentWait.until(FluentWait.java:231)
	at Onboarded.Automation.BetaClientsLogin.Login(BetaClientsLogin.java:70)
	at java.base/jdk.internal.reflect.NativeMethodAccessorImpl.invoke0(Native Method)
	at java.base/jdk.internal.reflect.NativeMethodAccessorImpl.invoke(NativeMethodAccessorImpl.java:77)
	at java.base/jdk.internal.reflect.DelegatingMethodAccessorImpl.invoke(DelegatingMethodAccessorImpl.java:43)
	at java.base/java.lang.reflect.Method.invoke(Method.java:568)
	at org.testng.internal.MethodInvocationHelper.invokeMethod(MethodInvocationHelper.java:84)
	at org.testng.internal.Invoker.invokeMethod(Invoker.java:714)
	at org.testng.internal.Invoker.invokeTestMethod(Invoker.java:901)
	at org.testng.internal.Invoker.invokeTestMethods(Invoker.java:1231)
	at org.testng.internal.TestMethodWorker.invokeTestMethods(TestMethodWorker.java:127)
	at org.testng.internal.TestMethodWorker.run(TestMethodWorker.java:111)
	at org.testng.TestRunner.privateRun(TestRunner.java:767)
	at org.testng.TestRunner.run(TestRunner.java:617)
	at org.testng.SuiteRunner.runTest(SuiteRunner.java:334)
	at org.testng.SuiteRunner.runSequentially(SuiteRunner.java:329)
	at org.testng.SuiteRunner.privateRun(SuiteRunner.java:291)
	at org.testng.SuiteRunner.run(SuiteRunner.java:240)
	at org.testng.SuiteRunnerWorker.runSuite(SuiteRunnerWorker.java:52)
	at org.testng.SuiteRunnerWorker.run(SuiteRunnerWorker.java:86)
	at org.testng.TestNG.runSuitesSequentially(TestNG.java:1224)
	at org.testng.TestNG.runSuitesLocally(TestNG.java:1149)
	at org.testng.TestNG.run(TestNG.java:1057)
	at org.testng.remote.AbstractRemoteTestNG.run(AbstractRemoteTestNG.java:115)
	at org.testng.remote.RemoteTestNG.initAndRun(RemoteTestNG.java:251)
	at org.testng.remote.RemoteTestNG.main(RemoteTestNG.java:77)
]]>
            </full-stacktrace>
          </exception> <!-- org.openqa.selenium.TimeoutException -->
          <reporter-output>
          </reporter-output>
        </test-method> <!-- Login -->
      </class> <!-- Onboarded.Automation.BetaClientsLogin -->
    </test> <!-- Test -->
  </suite> <!-- Suite -->
</testng-results>
