<?xml version="1.0" encoding="UTF-8"?>
<testng-results total="11" passed="1" failed="10" skipped="0">
  <reporter-output>
  </reporter-output>
  <suite started-at="2023-03-02T07:51:04Z" name="Onboarded" finished-at="2023-03-02T07:52:57Z" duration-ms="112672">
    <groups>
      <group name="SmokeTest">
        <method signature="TestCaseFunction.SmokeTest(org.openqa.selenium.WebDriver, org.openqa.selenium.support.ui.Wait, java.util.ArrayList)[pri:0, instance:Onboarded.Automation.TestCaseFunction@2654635]" name="SmokeTest" class="Onboarded.Automation.TestCaseFunction"/>
      </group> <!-- SmokeTest -->
      <group name="CompletedStage">
        <method signature="TestCaseFunction.CompletedStage(org.openqa.selenium.support.ui.Wait)[pri:0, instance:Onboarded.Automation.TestCaseFunction@2654635]" name="CompletedStage" class="Onboarded.Automation.TestCaseFunction"/>
      </group> <!-- CompletedStage -->
      <group name="AdminLogout">
        <method signature="TestCaseFunction.AdminLogout(org.openqa.selenium.support.ui.Wait)[pri:0, instance:Onboarded.Automation.TestCaseFunction@2654635]" name="AdminLogout" class="Onboarded.Automation.TestCaseFunction"/>
      </group> <!-- AdminLogout -->
      <group name="OpenClient">
        <method signature="TestCaseFunction.OpenClient(org.openqa.selenium.support.ui.Wait, java.util.ArrayList)[pri:0, instance:Onboarded.Automation.TestCaseFunction@2654635]" name="OpenClient" class="Onboarded.Automation.TestCaseFunction"/>
      </group> <!-- OpenClient -->
      <group name="OnboardedStage">
        <method signature="TestCaseFunction.OnboardedStage(org.openqa.selenium.support.ui.Wait)[pri:0, instance:Onboarded.Automation.TestCaseFunction@2654635]" name="OnboardedStage" class="Onboarded.Automation.TestCaseFunction"/>
      </group> <!-- OnboardedStage -->
      <group name="LogoutClient">
        <method signature="TestCaseFunction.LogoutClient(org.openqa.selenium.WebDriver, org.openqa.selenium.support.ui.Wait)[pri:0, instance:Onboarded.Automation.TestCaseFunction@2654635]" name="LogoutClient" class="Onboarded.Automation.TestCaseFunction"/>
      </group> <!-- LogoutClient -->
      <group name="MainPageClick">
        <method signature="TestCaseFunction.MainPageClick(org.openqa.selenium.WebDriver, org.openqa.selenium.support.ui.Wait)[pri:0, instance:Onboarded.Automation.TestCaseFunction@2654635]" name="MainPageClick" class="Onboarded.Automation.TestCaseFunction"/>
      </group> <!-- MainPageClick -->
      <group name="ScrollUpDown">
        <method signature="TestCaseFunction.ScrollUpDown(org.openqa.selenium.WebDriver, org.openqa.selenium.support.ui.Wait)[pri:0, instance:Onboarded.Automation.TestCaseFunction@2654635]" name="ScrollUpDown" class="Onboarded.Automation.TestCaseFunction"/>
      </group> <!-- ScrollUpDown -->
      <group name="main">
        <method signature="TestCaseFunction.main()[pri:0, instance:Onboarded.Automation.TestCaseFunction@2654635]" name="main" class="Onboarded.Automation.TestCaseFunction"/>
      </group> <!-- main -->
      <group name="PrintCandidateID">
        <method signature="TestCaseFunction.PrintCandidateID(org.openqa.selenium.WebDriver, org.openqa.selenium.support.ui.Wait, java.util.ArrayList)[pri:0, instance:Onboarded.Automation.TestCaseFunction@2654635]" name="PrintCandidateID" class="Onboarded.Automation.TestCaseFunction"/>
      </group> <!-- PrintCandidateID -->
      <group name="OpenCandidate">
        <method signature="TestCaseFunction.OpenCandidate(org.openqa.selenium.support.ui.Wait)[pri:0, instance:Onboarded.Automation.TestCaseFunction@2654635]" name="OpenCandidate" class="Onboarded.Automation.TestCaseFunction"/>
      </group> <!-- OpenCandidate -->
    </groups>
    <test started-at="2023-03-02T07:51:04Z" name="SmokeTest" finished-at="2023-03-02T07:52:57Z" duration-ms="112672">
      <class name="Onboarded.Automation.TestCaseFunction">
        <test-method is-config="true" signature="setUp()[pri:0, instance:Onboarded.Automation.TestCaseFunction@2654635]" started-at="2023-03-02T13:21:04Z" name="setUp" finished-at="2023-03-02T13:21:04Z" duration-ms="173" status="PASS">
          <reporter-output>
          </reporter-output>
        </test-method> <!-- setUp -->
        <test-method signature="main()[pri:0, instance:Onboarded.Automation.TestCaseFunction@2654635]" started-at="2023-03-02T13:21:04Z" name="main" finished-at="2023-03-02T13:22:57Z" duration-ms="112234" status="PASS">
          <reporter-output>
          </reporter-output>
        </test-method> <!-- main -->
        <test-method is-config="true" signature="getResult(org.testng.ITestResult)[pri:0, instance:Onboarded.Automation.TestCaseFunction@2654635]" started-at="2023-03-02T13:22:57Z" name="getResult" finished-at="2023-03-02T13:22:57Z" duration-ms="243" status="PASS">
          <params>
            <param index="0">
              <value>
                <![CDATA[[TestResult name=main status=SUCCESS method=TestCaseFunction.main()[pri:0, instance:Onboarded.Automation.TestCaseFunction@2654635] output={null}]]]>
              </value>
            </param>
          </params>
          <reporter-output>
          </reporter-output>
        </test-method> <!-- getResult -->
        <test-method signature="SmokeTest(org.openqa.selenium.WebDriver, org.openqa.selenium.support.ui.Wait, java.util.ArrayList)[pri:0, instance:Onboarded.Automation.TestCaseFunction@2654635]" started-at="2023-03-02T13:22:57Z" name="SmokeTest" finished-at="2023-03-02T13:22:57Z" duration-ms="0" status="FAIL">
          <exception class="java.lang.AssertionError">
            <message>
              <![CDATA[Unsupported type parameter : interface org.openqa.selenium.WebDriver]]>
            </message>
            <full-stacktrace>
              <![CDATA[java.lang.AssertionError: Unsupported type parameter : interface org.openqa.selenium.WebDriver
	at org.testng.internal.Parameters.convertType(Parameters.java:249)
	at org.testng.internal.Parameters.createParameters(Parameters.java:165)
	at org.testng.internal.Parameters.createParameters(Parameters.java:358)
	at org.testng.internal.Parameters.handleParameters(Parameters.java:450)
	at org.testng.internal.Invoker.handleParameters(Invoker.java:1383)
	at org.testng.internal.Invoker.createParameters(Invoker.java:1075)
	at org.testng.internal.Invoker.invokeTestMethods(Invoker.java:1180)
	at org.testng.internal.TestMethodWorker.invokeTestMethods(TestMethodWorker.java:127)
	at org.testng.internal.TestMethodWorker.run(TestMethodWorker.java:111)
	at org.testng.TestRunner.privateRun(TestRunner.java:767)
	at org.testng.TestRunner.run(TestRunner.java:617)
	at org.testng.SuiteRunner.runTest(SuiteRunner.java:334)
	at org.testng.SuiteRunner.runSequentially(SuiteRunner.java:329)
	at org.testng.SuiteRunner.privateRun(SuiteRunner.java:291)
	at org.testng.SuiteRunner.run(SuiteRunner.java:240)
	at org.testng.SuiteRunnerWorker.runSuite(SuiteRunnerWorker.java:52)
	at org.testng.SuiteRunnerWorker.run(SuiteRunnerWorker.java:86)
	at org.testng.TestNG.runSuitesSequentially(TestNG.java:1224)
	at org.testng.TestNG.runSuitesLocally(TestNG.java:1149)
	at org.testng.TestNG.run(TestNG.java:1057)
	at org.testng.remote.AbstractRemoteTestNG.run(AbstractRemoteTestNG.java:115)
	at org.testng.remote.RemoteTestNG.initAndRun(RemoteTestNG.java:251)
	at org.testng.remote.RemoteTestNG.main(RemoteTestNG.java:77)
]]>
            </full-stacktrace>
          </exception> <!-- java.lang.AssertionError -->
          <reporter-output>
          </reporter-output>
        </test-method> <!-- SmokeTest -->
        <test-method signature="OpenClient(org.openqa.selenium.support.ui.Wait, java.util.ArrayList)[pri:0, instance:Onboarded.Automation.TestCaseFunction@2654635]" started-at="2023-03-02T13:22:57Z" name="OpenClient" finished-at="2023-03-02T13:22:57Z" duration-ms="0" status="FAIL">
          <exception class="java.lang.AssertionError">
            <message>
              <![CDATA[Unsupported type parameter : interface org.openqa.selenium.support.ui.Wait]]>
            </message>
            <full-stacktrace>
              <![CDATA[java.lang.AssertionError: Unsupported type parameter : interface org.openqa.selenium.support.ui.Wait
	at org.testng.internal.Parameters.convertType(Parameters.java:249)
	at org.testng.internal.Parameters.createParameters(Parameters.java:165)
	at org.testng.internal.Parameters.createParameters(Parameters.java:358)
	at org.testng.internal.Parameters.handleParameters(Parameters.java:450)
	at org.testng.internal.Invoker.handleParameters(Invoker.java:1383)
	at org.testng.internal.Invoker.createParameters(Invoker.java:1075)
	at org.testng.internal.Invoker.invokeTestMethods(Invoker.java:1180)
	at org.testng.internal.TestMethodWorker.invokeTestMethods(TestMethodWorker.java:127)
	at org.testng.internal.TestMethodWorker.run(TestMethodWorker.java:111)
	at org.testng.TestRunner.privateRun(TestRunner.java:767)
	at org.testng.TestRunner.run(TestRunner.java:617)
	at org.testng.SuiteRunner.runTest(SuiteRunner.java:334)
	at org.testng.SuiteRunner.runSequentially(SuiteRunner.java:329)
	at org.testng.SuiteRunner.privateRun(SuiteRunner.java:291)
	at org.testng.SuiteRunner.run(SuiteRunner.java:240)
	at org.testng.SuiteRunnerWorker.runSuite(SuiteRunnerWorker.java:52)
	at org.testng.SuiteRunnerWorker.run(SuiteRunnerWorker.java:86)
	at org.testng.TestNG.runSuitesSequentially(TestNG.java:1224)
	at org.testng.TestNG.runSuitesLocally(TestNG.java:1149)
	at org.testng.TestNG.run(TestNG.java:1057)
	at org.testng.remote.AbstractRemoteTestNG.run(AbstractRemoteTestNG.java:115)
	at org.testng.remote.RemoteTestNG.initAndRun(RemoteTestNG.java:251)
	at org.testng.remote.RemoteTestNG.main(RemoteTestNG.java:77)
]]>
            </full-stacktrace>
          </exception> <!-- java.lang.AssertionError -->
          <reporter-output>
          </reporter-output>
        </test-method> <!-- OpenClient -->
        <test-method signature="CompletedStage(org.openqa.selenium.support.ui.Wait)[pri:0, instance:Onboarded.Automation.TestCaseFunction@2654635]" started-at="2023-03-02T13:22:57Z" name="CompletedStage" finished-at="2023-03-02T13:22:57Z" duration-ms="0" status="FAIL">
          <exception class="java.lang.AssertionError">
            <message>
              <![CDATA[Unsupported type parameter : interface org.openqa.selenium.support.ui.Wait]]>
            </message>
            <full-stacktrace>
              <![CDATA[java.lang.AssertionError: Unsupported type parameter : interface org.openqa.selenium.support.ui.Wait
	at org.testng.internal.Parameters.convertType(Parameters.java:249)
	at org.testng.internal.Parameters.createParameters(Parameters.java:165)
	at org.testng.internal.Parameters.createParameters(Parameters.java:358)
	at org.testng.internal.Parameters.handleParameters(Parameters.java:450)
	at org.testng.internal.Invoker.handleParameters(Invoker.java:1383)
	at org.testng.internal.Invoker.createParameters(Invoker.java:1075)
	at org.testng.internal.Invoker.invokeTestMethods(Invoker.java:1180)
	at org.testng.internal.TestMethodWorker.invokeTestMethods(TestMethodWorker.java:127)
	at org.testng.internal.TestMethodWorker.run(TestMethodWorker.java:111)
	at org.testng.TestRunner.privateRun(TestRunner.java:767)
	at org.testng.TestRunner.run(TestRunner.java:617)
	at org.testng.SuiteRunner.runTest(SuiteRunner.java:334)
	at org.testng.SuiteRunner.runSequentially(SuiteRunner.java:329)
	at org.testng.SuiteRunner.privateRun(SuiteRunner.java:291)
	at org.testng.SuiteRunner.run(SuiteRunner.java:240)
	at org.testng.SuiteRunnerWorker.runSuite(SuiteRunnerWorker.java:52)
	at org.testng.SuiteRunnerWorker.run(SuiteRunnerWorker.java:86)
	at org.testng.TestNG.runSuitesSequentially(TestNG.java:1224)
	at org.testng.TestNG.runSuitesLocally(TestNG.java:1149)
	at org.testng.TestNG.run(TestNG.java:1057)
	at org.testng.remote.AbstractRemoteTestNG.run(AbstractRemoteTestNG.java:115)
	at org.testng.remote.RemoteTestNG.initAndRun(RemoteTestNG.java:251)
	at org.testng.remote.RemoteTestNG.main(RemoteTestNG.java:77)
]]>
            </full-stacktrace>
          </exception> <!-- java.lang.AssertionError -->
          <reporter-output>
          </reporter-output>
        </test-method> <!-- CompletedStage -->
        <test-method signature="OnboardedStage(org.openqa.selenium.support.ui.Wait)[pri:0, instance:Onboarded.Automation.TestCaseFunction@2654635]" started-at="2023-03-02T13:22:57Z" name="OnboardedStage" finished-at="2023-03-02T13:22:57Z" duration-ms="0" status="FAIL">
          <exception class="java.lang.AssertionError">
            <message>
              <![CDATA[Unsupported type parameter : interface org.openqa.selenium.support.ui.Wait]]>
            </message>
            <full-stacktrace>
              <![CDATA[java.lang.AssertionError: Unsupported type parameter : interface org.openqa.selenium.support.ui.Wait
	at org.testng.internal.Parameters.convertType(Parameters.java:249)
	at org.testng.internal.Parameters.createParameters(Parameters.java:165)
	at org.testng.internal.Parameters.createParameters(Parameters.java:358)
	at org.testng.internal.Parameters.handleParameters(Parameters.java:450)
	at org.testng.internal.Invoker.handleParameters(Invoker.java:1383)
	at org.testng.internal.Invoker.createParameters(Invoker.java:1075)
	at org.testng.internal.Invoker.invokeTestMethods(Invoker.java:1180)
	at org.testng.internal.TestMethodWorker.invokeTestMethods(TestMethodWorker.java:127)
	at org.testng.internal.TestMethodWorker.run(TestMethodWorker.java:111)
	at org.testng.TestRunner.privateRun(TestRunner.java:767)
	at org.testng.TestRunner.run(TestRunner.java:617)
	at org.testng.SuiteRunner.runTest(SuiteRunner.java:334)
	at org.testng.SuiteRunner.runSequentially(SuiteRunner.java:329)
	at org.testng.SuiteRunner.privateRun(SuiteRunner.java:291)
	at org.testng.SuiteRunner.run(SuiteRunner.java:240)
	at org.testng.SuiteRunnerWorker.runSuite(SuiteRunnerWorker.java:52)
	at org.testng.SuiteRunnerWorker.run(SuiteRunnerWorker.java:86)
	at org.testng.TestNG.runSuitesSequentially(TestNG.java:1224)
	at org.testng.TestNG.runSuitesLocally(TestNG.java:1149)
	at org.testng.TestNG.run(TestNG.java:1057)
	at org.testng.remote.AbstractRemoteTestNG.run(AbstractRemoteTestNG.java:115)
	at org.testng.remote.RemoteTestNG.initAndRun(RemoteTestNG.java:251)
	at org.testng.remote.RemoteTestNG.main(RemoteTestNG.java:77)
]]>
            </full-stacktrace>
          </exception> <!-- java.lang.AssertionError -->
          <reporter-output>
          </reporter-output>
        </test-method> <!-- OnboardedStage -->
        <test-method signature="OpenCandidate(org.openqa.selenium.support.ui.Wait)[pri:0, instance:Onboarded.Automation.TestCaseFunction@2654635]" started-at="2023-03-02T13:22:57Z" name="OpenCandidate" finished-at="2023-03-02T13:22:57Z" duration-ms="0" status="FAIL">
          <exception class="java.lang.AssertionError">
            <message>
              <![CDATA[Unsupported type parameter : interface org.openqa.selenium.support.ui.Wait]]>
            </message>
            <full-stacktrace>
              <![CDATA[java.lang.AssertionError: Unsupported type parameter : interface org.openqa.selenium.support.ui.Wait
	at org.testng.internal.Parameters.convertType(Parameters.java:249)
	at org.testng.internal.Parameters.createParameters(Parameters.java:165)
	at org.testng.internal.Parameters.createParameters(Parameters.java:358)
	at org.testng.internal.Parameters.handleParameters(Parameters.java:450)
	at org.testng.internal.Invoker.handleParameters(Invoker.java:1383)
	at org.testng.internal.Invoker.createParameters(Invoker.java:1075)
	at org.testng.internal.Invoker.invokeTestMethods(Invoker.java:1180)
	at org.testng.internal.TestMethodWorker.invokeTestMethods(TestMethodWorker.java:127)
	at org.testng.internal.TestMethodWorker.run(TestMethodWorker.java:111)
	at org.testng.TestRunner.privateRun(TestRunner.java:767)
	at org.testng.TestRunner.run(TestRunner.java:617)
	at org.testng.SuiteRunner.runTest(SuiteRunner.java:334)
	at org.testng.SuiteRunner.runSequentially(SuiteRunner.java:329)
	at org.testng.SuiteRunner.privateRun(SuiteRunner.java:291)
	at org.testng.SuiteRunner.run(SuiteRunner.java:240)
	at org.testng.SuiteRunnerWorker.runSuite(SuiteRunnerWorker.java:52)
	at org.testng.SuiteRunnerWorker.run(SuiteRunnerWorker.java:86)
	at org.testng.TestNG.runSuitesSequentially(TestNG.java:1224)
	at org.testng.TestNG.runSuitesLocally(TestNG.java:1149)
	at org.testng.TestNG.run(TestNG.java:1057)
	at org.testng.remote.AbstractRemoteTestNG.run(AbstractRemoteTestNG.java:115)
	at org.testng.remote.RemoteTestNG.initAndRun(RemoteTestNG.java:251)
	at org.testng.remote.RemoteTestNG.main(RemoteTestNG.java:77)
]]>
            </full-stacktrace>
          </exception> <!-- java.lang.AssertionError -->
          <reporter-output>
          </reporter-output>
        </test-method> <!-- OpenCandidate -->
        <test-method signature="PrintCandidateID(org.openqa.selenium.WebDriver, org.openqa.selenium.support.ui.Wait, java.util.ArrayList)[pri:0, instance:Onboarded.Automation.TestCaseFunction@2654635]" started-at="2023-03-02T13:22:57Z" name="PrintCandidateID" finished-at="2023-03-02T13:22:57Z" duration-ms="0" status="FAIL">
          <exception class="java.lang.AssertionError">
            <message>
              <![CDATA[Unsupported type parameter : interface org.openqa.selenium.WebDriver]]>
            </message>
            <full-stacktrace>
              <![CDATA[java.lang.AssertionError: Unsupported type parameter : interface org.openqa.selenium.WebDriver
	at org.testng.internal.Parameters.convertType(Parameters.java:249)
	at org.testng.internal.Parameters.createParameters(Parameters.java:165)
	at org.testng.internal.Parameters.createParameters(Parameters.java:358)
	at org.testng.internal.Parameters.handleParameters(Parameters.java:450)
	at org.testng.internal.Invoker.handleParameters(Invoker.java:1383)
	at org.testng.internal.Invoker.createParameters(Invoker.java:1075)
	at org.testng.internal.Invoker.invokeTestMethods(Invoker.java:1180)
	at org.testng.internal.TestMethodWorker.invokeTestMethods(TestMethodWorker.java:127)
	at org.testng.internal.TestMethodWorker.run(TestMethodWorker.java:111)
	at org.testng.TestRunner.privateRun(TestRunner.java:767)
	at org.testng.TestRunner.run(TestRunner.java:617)
	at org.testng.SuiteRunner.runTest(SuiteRunner.java:334)
	at org.testng.SuiteRunner.runSequentially(SuiteRunner.java:329)
	at org.testng.SuiteRunner.privateRun(SuiteRunner.java:291)
	at org.testng.SuiteRunner.run(SuiteRunner.java:240)
	at org.testng.SuiteRunnerWorker.runSuite(SuiteRunnerWorker.java:52)
	at org.testng.SuiteRunnerWorker.run(SuiteRunnerWorker.java:86)
	at org.testng.TestNG.runSuitesSequentially(TestNG.java:1224)
	at org.testng.TestNG.runSuitesLocally(TestNG.java:1149)
	at org.testng.TestNG.run(TestNG.java:1057)
	at org.testng.remote.AbstractRemoteTestNG.run(AbstractRemoteTestNG.java:115)
	at org.testng.remote.RemoteTestNG.initAndRun(RemoteTestNG.java:251)
	at org.testng.remote.RemoteTestNG.main(RemoteTestNG.java:77)
]]>
            </full-stacktrace>
          </exception> <!-- java.lang.AssertionError -->
          <reporter-output>
          </reporter-output>
        </test-method> <!-- PrintCandidateID -->
        <test-method signature="ScrollUpDown(org.openqa.selenium.WebDriver, org.openqa.selenium.support.ui.Wait)[pri:0, instance:Onboarded.Automation.TestCaseFunction@2654635]" started-at="2023-03-02T13:22:57Z" name="ScrollUpDown" finished-at="2023-03-02T13:22:57Z" duration-ms="0" status="FAIL">
          <exception class="java.lang.AssertionError">
            <message>
              <![CDATA[Unsupported type parameter : interface org.openqa.selenium.WebDriver]]>
            </message>
            <full-stacktrace>
              <![CDATA[java.lang.AssertionError: Unsupported type parameter : interface org.openqa.selenium.WebDriver
	at org.testng.internal.Parameters.convertType(Parameters.java:249)
	at org.testng.internal.Parameters.createParameters(Parameters.java:165)
	at org.testng.internal.Parameters.createParameters(Parameters.java:358)
	at org.testng.internal.Parameters.handleParameters(Parameters.java:450)
	at org.testng.internal.Invoker.handleParameters(Invoker.java:1383)
	at org.testng.internal.Invoker.createParameters(Invoker.java:1075)
	at org.testng.internal.Invoker.invokeTestMethods(Invoker.java:1180)
	at org.testng.internal.TestMethodWorker.invokeTestMethods(TestMethodWorker.java:127)
	at org.testng.internal.TestMethodWorker.run(TestMethodWorker.java:111)
	at org.testng.TestRunner.privateRun(TestRunner.java:767)
	at org.testng.TestRunner.run(TestRunner.java:617)
	at org.testng.SuiteRunner.runTest(SuiteRunner.java:334)
	at org.testng.SuiteRunner.runSequentially(SuiteRunner.java:329)
	at org.testng.SuiteRunner.privateRun(SuiteRunner.java:291)
	at org.testng.SuiteRunner.run(SuiteRunner.java:240)
	at org.testng.SuiteRunnerWorker.runSuite(SuiteRunnerWorker.java:52)
	at org.testng.SuiteRunnerWorker.run(SuiteRunnerWorker.java:86)
	at org.testng.TestNG.runSuitesSequentially(TestNG.java:1224)
	at org.testng.TestNG.runSuitesLocally(TestNG.java:1149)
	at org.testng.TestNG.run(TestNG.java:1057)
	at org.testng.remote.AbstractRemoteTestNG.run(AbstractRemoteTestNG.java:115)
	at org.testng.remote.RemoteTestNG.initAndRun(RemoteTestNG.java:251)
	at org.testng.remote.RemoteTestNG.main(RemoteTestNG.java:77)
]]>
            </full-stacktrace>
          </exception> <!-- java.lang.AssertionError -->
          <reporter-output>
          </reporter-output>
        </test-method> <!-- ScrollUpDown -->
        <test-method signature="MainPageClick(org.openqa.selenium.WebDriver, org.openqa.selenium.support.ui.Wait)[pri:0, instance:Onboarded.Automation.TestCaseFunction@2654635]" started-at="2023-03-02T13:22:57Z" name="MainPageClick" finished-at="2023-03-02T13:22:57Z" duration-ms="0" status="FAIL">
          <exception class="java.lang.AssertionError">
            <message>
              <![CDATA[Unsupported type parameter : interface org.openqa.selenium.WebDriver]]>
            </message>
            <full-stacktrace>
              <![CDATA[java.lang.AssertionError: Unsupported type parameter : interface org.openqa.selenium.WebDriver
	at org.testng.internal.Parameters.convertType(Parameters.java:249)
	at org.testng.internal.Parameters.createParameters(Parameters.java:165)
	at org.testng.internal.Parameters.createParameters(Parameters.java:358)
	at org.testng.internal.Parameters.handleParameters(Parameters.java:450)
	at org.testng.internal.Invoker.handleParameters(Invoker.java:1383)
	at org.testng.internal.Invoker.createParameters(Invoker.java:1075)
	at org.testng.internal.Invoker.invokeTestMethods(Invoker.java:1180)
	at org.testng.internal.TestMethodWorker.invokeTestMethods(TestMethodWorker.java:127)
	at org.testng.internal.TestMethodWorker.run(TestMethodWorker.java:111)
	at org.testng.TestRunner.privateRun(TestRunner.java:767)
	at org.testng.TestRunner.run(TestRunner.java:617)
	at org.testng.SuiteRunner.runTest(SuiteRunner.java:334)
	at org.testng.SuiteRunner.runSequentially(SuiteRunner.java:329)
	at org.testng.SuiteRunner.privateRun(SuiteRunner.java:291)
	at org.testng.SuiteRunner.run(SuiteRunner.java:240)
	at org.testng.SuiteRunnerWorker.runSuite(SuiteRunnerWorker.java:52)
	at org.testng.SuiteRunnerWorker.run(SuiteRunnerWorker.java:86)
	at org.testng.TestNG.runSuitesSequentially(TestNG.java:1224)
	at org.testng.TestNG.runSuitesLocally(TestNG.java:1149)
	at org.testng.TestNG.run(TestNG.java:1057)
	at org.testng.remote.AbstractRemoteTestNG.run(AbstractRemoteTestNG.java:115)
	at org.testng.remote.RemoteTestNG.initAndRun(RemoteTestNG.java:251)
	at org.testng.remote.RemoteTestNG.main(RemoteTestNG.java:77)
]]>
            </full-stacktrace>
          </exception> <!-- java.lang.AssertionError -->
          <reporter-output>
          </reporter-output>
        </test-method> <!-- MainPageClick -->
        <test-method signature="LogoutClient(org.openqa.selenium.WebDriver, org.openqa.selenium.support.ui.Wait)[pri:0, instance:Onboarded.Automation.TestCaseFunction@2654635]" started-at="2023-03-02T13:22:57Z" name="LogoutClient" finished-at="2023-03-02T13:22:57Z" duration-ms="0" status="FAIL">
          <exception class="java.lang.AssertionError">
            <message>
              <![CDATA[Unsupported type parameter : interface org.openqa.selenium.WebDriver]]>
            </message>
            <full-stacktrace>
              <![CDATA[java.lang.AssertionError: Unsupported type parameter : interface org.openqa.selenium.WebDriver
	at org.testng.internal.Parameters.convertType(Parameters.java:249)
	at org.testng.internal.Parameters.createParameters(Parameters.java:165)
	at org.testng.internal.Parameters.createParameters(Parameters.java:358)
	at org.testng.internal.Parameters.handleParameters(Parameters.java:450)
	at org.testng.internal.Invoker.handleParameters(Invoker.java:1383)
	at org.testng.internal.Invoker.createParameters(Invoker.java:1075)
	at org.testng.internal.Invoker.invokeTestMethods(Invoker.java:1180)
	at org.testng.internal.TestMethodWorker.invokeTestMethods(TestMethodWorker.java:127)
	at org.testng.internal.TestMethodWorker.run(TestMethodWorker.java:111)
	at org.testng.TestRunner.privateRun(TestRunner.java:767)
	at org.testng.TestRunner.run(TestRunner.java:617)
	at org.testng.SuiteRunner.runTest(SuiteRunner.java:334)
	at org.testng.SuiteRunner.runSequentially(SuiteRunner.java:329)
	at org.testng.SuiteRunner.privateRun(SuiteRunner.java:291)
	at org.testng.SuiteRunner.run(SuiteRunner.java:240)
	at org.testng.SuiteRunnerWorker.runSuite(SuiteRunnerWorker.java:52)
	at org.testng.SuiteRunnerWorker.run(SuiteRunnerWorker.java:86)
	at org.testng.TestNG.runSuitesSequentially(TestNG.java:1224)
	at org.testng.TestNG.runSuitesLocally(TestNG.java:1149)
	at org.testng.TestNG.run(TestNG.java:1057)
	at org.testng.remote.AbstractRemoteTestNG.run(AbstractRemoteTestNG.java:115)
	at org.testng.remote.RemoteTestNG.initAndRun(RemoteTestNG.java:251)
	at org.testng.remote.RemoteTestNG.main(RemoteTestNG.java:77)
]]>
            </full-stacktrace>
          </exception> <!-- java.lang.AssertionError -->
          <reporter-output>
          </reporter-output>
        </test-method> <!-- LogoutClient -->
        <test-method signature="AdminLogout(org.openqa.selenium.support.ui.Wait)[pri:0, instance:Onboarded.Automation.TestCaseFunction@2654635]" started-at="2023-03-02T13:22:57Z" name="AdminLogout" finished-at="2023-03-02T13:22:57Z" duration-ms="0" status="FAIL">
          <exception class="java.lang.AssertionError">
            <message>
              <![CDATA[Unsupported type parameter : interface org.openqa.selenium.support.ui.Wait]]>
            </message>
            <full-stacktrace>
              <![CDATA[java.lang.AssertionError: Unsupported type parameter : interface org.openqa.selenium.support.ui.Wait
	at org.testng.internal.Parameters.convertType(Parameters.java:249)
	at org.testng.internal.Parameters.createParameters(Parameters.java:165)
	at org.testng.internal.Parameters.createParameters(Parameters.java:358)
	at org.testng.internal.Parameters.handleParameters(Parameters.java:450)
	at org.testng.internal.Invoker.handleParameters(Invoker.java:1383)
	at org.testng.internal.Invoker.createParameters(Invoker.java:1075)
	at org.testng.internal.Invoker.invokeTestMethods(Invoker.java:1180)
	at org.testng.internal.TestMethodWorker.invokeTestMethods(TestMethodWorker.java:127)
	at org.testng.internal.TestMethodWorker.run(TestMethodWorker.java:111)
	at org.testng.TestRunner.privateRun(TestRunner.java:767)
	at org.testng.TestRunner.run(TestRunner.java:617)
	at org.testng.SuiteRunner.runTest(SuiteRunner.java:334)
	at org.testng.SuiteRunner.runSequentially(SuiteRunner.java:329)
	at org.testng.SuiteRunner.privateRun(SuiteRunner.java:291)
	at org.testng.SuiteRunner.run(SuiteRunner.java:240)
	at org.testng.SuiteRunnerWorker.runSuite(SuiteRunnerWorker.java:52)
	at org.testng.SuiteRunnerWorker.run(SuiteRunnerWorker.java:86)
	at org.testng.TestNG.runSuitesSequentially(TestNG.java:1224)
	at org.testng.TestNG.runSuitesLocally(TestNG.java:1149)
	at org.testng.TestNG.run(TestNG.java:1057)
	at org.testng.remote.AbstractRemoteTestNG.run(AbstractRemoteTestNG.java:115)
	at org.testng.remote.RemoteTestNG.initAndRun(RemoteTestNG.java:251)
	at org.testng.remote.RemoteTestNG.main(RemoteTestNG.java:77)
]]>
            </full-stacktrace>
          </exception> <!-- java.lang.AssertionError -->
          <reporter-output>
          </reporter-output>
        </test-method> <!-- AdminLogout -->
      </class> <!-- Onboarded.Automation.TestCaseFunction -->
    </test> <!-- SmokeTest -->
  </suite> <!-- Onboarded -->
</testng-results>
