<?xml version="1.0" encoding="UTF-8"?>
<!-- Generated by org.testng.reporters.JUnitXMLReporter -->
<testsuite hostname="pc0765" failures="0" tests="11" name="SmokeTest" time="63.949" errors="0" timestamp="30 Jan 2023 12:51:50 GMT">
  <testcase classname="Onboarded.Automation.TestCaseFunction" name="main" time="63.78"/>
  <testcase classname="Onboarded.Automation.TestCaseFunction" name="SmokeTest" time="0.0">
    <skipped/>
  </testcase> <!-- SmokeTest -->
  <testcase classname="Onboarded.Automation.TestCaseFunction" name="OpenClient" time="0.0">
    <skipped/>
  </testcase> <!-- OpenClient -->
  <testcase classname="Onboarded.Automation.TestCaseFunction" name="CompletedStage" time="0.0">
    <skipped/>
  </testcase> <!-- CompletedStage -->
  <testcase classname="Onboarded.Automation.TestCaseFunction" name="OnboardedStage" time="0.0">
    <skipped/>
  </testcase> <!-- OnboardedStage -->
  <testcase classname="Onboarded.Automation.TestCaseFunction" name="OpenCandidate" time="0.0">
    <skipped/>
  </testcase> <!-- OpenCandidate -->
  <testcase classname="Onboarded.Automation.TestCaseFunction" name="PrintCandidateID" time="0.0">
    <skipped/>
  </testcase> <!-- PrintCandidateID -->
  <testcase classname="Onboarded.Automation.TestCaseFunction" name="ScrollUpDown" time="0.0">
    <skipped/>
  </testcase> <!-- ScrollUpDown -->
  <testcase classname="Onboarded.Automation.TestCaseFunction" name="MainPageClick" time="0.0">
    <skipped/>
  </testcase> <!-- MainPageClick -->
  <testcase classname="Onboarded.Automation.TestCaseFunction" name="LogoutClient" time="0.0">
    <skipped/>
  </testcase> <!-- LogoutClient -->
  <testcase classname="Onboarded.Automation.TestCaseFunction" name="AdminLogout" time="0.0">
    <skipped/>
  </testcase> <!-- AdminLogout -->
</testsuite> <!-- SmokeTest -->
